c:\users\bk\source\repos\sgpe\sgpe\debug\vc141.pdb
c:\users\bk\source\repos\sgpe\sgpe\debug\vc141.idb
c:\users\bk\source\repos\sgpe\sgpe\debug\main.obj
c:\users\bk\source\repos\sgpe\sgpe\debug\player.obj
c:\users\bk\source\repos\sgpe\sgpe\debug\tile.obj
c:\users\bk\source\repos\sgpe\sgpe\debug\scenemanager.obj
c:\users\bk\source\repos\sgpe\sgpe\debug\overlay.obj
c:\users\bk\source\repos\sgpe\sgpe\debug\npc.obj
c:\users\bk\source\repos\sgpe\sgpe\debug\levelmanager.obj
c:\users\bk\source\repos\sgpe\sgpe\debug\inputhandler.obj
c:\users\bk\source\repos\sgpe\sgpe\debug\graphics.obj
c:\users\bk\source\repos\sgpe\sgpe\debug\audio.obj
c:\users\bk\source\repos\sgpe\sgpe\debug\scene.obj
c:\users\bk\source\repos\sgpe\sgpe\debug\grid.obj
c:\users\bk\source\repos\sgpe\sgpe\debug\core.obj
c:\users\bk\source\repos\sgpe\debug\sgpe.exe
c:\users\bk\source\repos\sgpe\debug\sgpe.ilk
c:\users\bk\source\repos\sgpe\debug\sgpe.pdb
c:\users\bk\source\repos\sgpe\sgpe\debug\sgpe.tlog\cl.command.1.tlog
c:\users\bk\source\repos\sgpe\sgpe\debug\sgpe.tlog\cl.read.1.tlog
c:\users\bk\source\repos\sgpe\sgpe\debug\sgpe.tlog\cl.write.1.tlog
c:\users\bk\source\repos\sgpe\sgpe\debug\sgpe.tlog\link.command.1.tlog
c:\users\bk\source\repos\sgpe\sgpe\debug\sgpe.tlog\link.read.1.tlog
c:\users\bk\source\repos\sgpe\sgpe\debug\sgpe.tlog\link.write.1.tlog
